[16:17:50] [main/INFO]: Writing debug log file accesstransform.log
[16:17:50] [main/INFO]: Access Transformer processor running version 8.2.1
[16:17:50] [main/INFO]: Command line arguments [--inJar, D:\Users\pc\Videos\wariumprojectilescbcredux\build\fg_cache\net\minecraftforge\forge\1.20.1-47.4.10\forge-1.20.1-47.4.10-injected.jar, --outJar, D:\Users\pc\Videos\wariumprojectilescbcredux\build\fg_cache\net\minecraftforge\forge\1.20.1-47.4.10_mapped_parchment_2023.09.03-1.20.1\forge-1.20.1-47.4.10_mapped_parchment_2023.09.03-1.20.1.jar, --logFile, accesstransform.log, --atFile, D:\Users\pc\Videos\wariumprojectilescbcredux\src\main\resources\META-INF\accesstransformer.cfg, --atFile, D:\Users\pc\Videos\wariumprojectilescbcredux\build\_atJar_7\parent_at.cfg]
[16:17:50] [main/INFO]: Reading from D:\Users\pc\Videos\wariumprojectilescbcredux\build\fg_cache\net\minecraftforge\forge\1.20.1-47.4.10\forge-1.20.1-47.4.10-injected.jar
[16:17:50] [main/INFO]: Writing to D:\Users\pc\Videos\wariumprojectilescbcredux\build\fg_cache\net\minecraftforge\forge\1.20.1-47.4.10_mapped_parchment_2023.09.03-1.20.1\forge-1.20.1-47.4.10_mapped_parchment_2023.09.03-1.20.1.jar
[16:17:50] [main/INFO]: Transformer file D:\Users\pc\Videos\wariumprojectilescbcredux\src\main\resources\META-INF\accesstransformer.cfg
[16:17:50] [main/INFO]: Transformer file D:\Users\pc\Videos\wariumprojectilescbcredux\build\_atJar_7\parent_at.cfg
[16:17:50] [main/WARN]: Found existing output jar D:\Users\pc\Videos\wariumprojectilescbcredux\build\fg_cache\net\minecraftforge\forge\1.20.1-47.4.10_mapped_parchment_2023.09.03-1.20.1\forge-1.20.1-47.4.10_mapped_parchment_2023.09.03-1.20.1.jar, overwriting
[16:17:50] [main/DEBUG]: Loading access transformer accesstransformer.cfg from path D:\Users\pc\Videos\wariumprojectilescbcredux\src\main\resources\META-INF\accesstransformer.cfg
[16:17:50] [main/ERROR]: Invalid access transformer line in accesstransformer.cfg: public rbasamoyai.createbigcannons.cannons.autocannon.breech.AbstractAutocannonBreechBlockEntity getSeatColor ()Lnet/minecraft/world/item/DyeColor;
[16:19:35] [main/INFO]: Writing debug log file accesstransform.log
[16:19:35] [main/INFO]: Access Transformer processor running version 8.2.1
[16:19:35] [main/INFO]: Command line arguments [--inJar, D:\Users\pc\Videos\wariumprojectilescbcredux\build\fg_cache\net\minecraftforge\forge\1.20.1-47.4.10\forge-1.20.1-47.4.10-injected.jar, --outJar, D:\Users\pc\Videos\wariumprojectilescbcredux\build\fg_cache\net\minecraftforge\forge\1.20.1-47.4.10_mapped_parchment_2023.09.03-1.20.1\forge-1.20.1-47.4.10_mapped_parchment_2023.09.03-1.20.1.jar, --logFile, accesstransform.log, --atFile, D:\Users\pc\Videos\wariumprojectilescbcredux\src\main\resources\META-INF\accesstransformer.cfg, --atFile, D:\Users\pc\Videos\wariumprojectilescbcredux\build\_atJar_7\parent_at.cfg]
[16:19:35] [main/INFO]: Reading from D:\Users\pc\Videos\wariumprojectilescbcredux\build\fg_cache\net\minecraftforge\forge\1.20.1-47.4.10\forge-1.20.1-47.4.10-injected.jar
[16:19:35] [main/INFO]: Writing to D:\Users\pc\Videos\wariumprojectilescbcredux\build\fg_cache\net\minecraftforge\forge\1.20.1-47.4.10_mapped_parchment_2023.09.03-1.20.1\forge-1.20.1-47.4.10_mapped_parchment_2023.09.03-1.20.1.jar
[16:19:35] [main/INFO]: Transformer file D:\Users\pc\Videos\wariumprojectilescbcredux\src\main\resources\META-INF\accesstransformer.cfg
[16:19:35] [main/INFO]: Transformer file D:\Users\pc\Videos\wariumprojectilescbcredux\build\_atJar_7\parent_at.cfg
[16:19:35] [main/WARN]: Found existing output jar D:\Users\pc\Videos\wariumprojectilescbcredux\build\fg_cache\net\minecraftforge\forge\1.20.1-47.4.10_mapped_parchment_2023.09.03-1.20.1\forge-1.20.1-47.4.10_mapped_parchment_2023.09.03-1.20.1.jar, overwriting
[16:19:35] [main/DEBUG]: Loading access transformer accesstransformer.cfg from path D:\Users\pc\Videos\wariumprojectilescbcredux\src\main\resources\META-INF\accesstransformer.cfg
[16:19:35] [main/ERROR]: Invalid access transformer line in accesstransformer.cfg: public rbasamoyai.createbigcannons.cannons.autocannon.breech.AbstractAutocannonBreechBlockEntity getSeatColor ()Lnet/minecraft/world/item/DyeColor;
[16:21:35] [main/INFO]: Writing debug log file accesstransform.log
[16:21:35] [main/INFO]: Access Transformer processor running version 8.2.1
[16:21:35] [main/INFO]: Command line arguments [--inJar, D:\Users\pc\Videos\wariumprojectilescbcredux\build\fg_cache\net\minecraftforge\forge\1.20.1-47.4.10\forge-1.20.1-47.4.10-injected.jar, --outJar, D:\Users\pc\Videos\wariumprojectilescbcredux\build\fg_cache\net\minecraftforge\forge\1.20.1-47.4.10_mapped_parchment_2023.09.03-1.20.1\forge-1.20.1-47.4.10_mapped_parchment_2023.09.03-1.20.1.jar, --logFile, accesstransform.log, --atFile, D:\Users\pc\Videos\wariumprojectilescbcredux\src\main\resources\META-INF\accesstransformer.cfg, --atFile, D:\Users\pc\Videos\wariumprojectilescbcredux\build\_atJar_7\parent_at.cfg]
[16:21:35] [main/INFO]: Reading from D:\Users\pc\Videos\wariumprojectilescbcredux\build\fg_cache\net\minecraftforge\forge\1.20.1-47.4.10\forge-1.20.1-47.4.10-injected.jar
[16:21:35] [main/INFO]: Writing to D:\Users\pc\Videos\wariumprojectilescbcredux\build\fg_cache\net\minecraftforge\forge\1.20.1-47.4.10_mapped_parchment_2023.09.03-1.20.1\forge-1.20.1-47.4.10_mapped_parchment_2023.09.03-1.20.1.jar
[16:21:35] [main/INFO]: Transformer file D:\Users\pc\Videos\wariumprojectilescbcredux\src\main\resources\META-INF\accesstransformer.cfg
[16:21:35] [main/INFO]: Transformer file D:\Users\pc\Videos\wariumprojectilescbcredux\build\_atJar_7\parent_at.cfg
[16:21:35] [main/WARN]: Found existing output jar D:\Users\pc\Videos\wariumprojectilescbcredux\build\fg_cache\net\minecraftforge\forge\1.20.1-47.4.10_mapped_parchment_2023.09.03-1.20.1\forge-1.20.1-47.4.10_mapped_parchment_2023.09.03-1.20.1.jar, overwriting
[16:21:35] [main/DEBUG]: Loading access transformer accesstransformer.cfg from path D:\Users\pc\Videos\wariumprojectilescbcredux\src\main\resources\META-INF\accesstransformer.cfg
[16:21:35] [main/ERROR]: Invalid access transformer line in accesstransformer.cfg: public rbasamoyai.createbigcannons.cannons.autocannon.breech.AbstractAutocannonBreechBlockEntity getSeatColor ()Lnet/minecraft/world/item/DyeColor;
